<?xml version="1.0" encoding="UTF-8"?>
<testsuite xmlns:xsi="http://www.w3.org/2001/XMLSchema-instance" xsi:noNamespaceSchemaLocation="https://maven.apache.org/surefire/maven-surefire-plugin/xsd/surefire-test-report-3.0.xsd" version="3.0" name="cucumber.options.TestRunner" time="13.82" tests="3" errors="0" skipped="0" failures="0">
  <properties>
    <property name="sun.desktop" value="windows"/>
    <property name="awt.toolkit" value="sun.awt.windows.WToolkit"/>
    <property name="file.encoding.pkg" value="sun.io"/>
    <property name="java.specification.version" value="1.8"/>
    <property name="sun.cpu.isalist" value="amd64"/>
    <property name="sun.jnu.encoding" value="Cp1252"/>
    <property name="java.class.path" value="C:\APIFramework\target\test-classes;C:\APIFramework\target\classes;C:\Users\prathibhak\.m2\repository\io\rest-assured\rest-assured\5.4.0\rest-assured-5.4.0.jar;C:\Users\prathibhak\.m2\repository\org\apache\groovy\groovy\4.0.16\groovy-4.0.16.jar;C:\Users\prathibhak\.m2\repository\org\apache\groovy\groovy-xml\4.0.16\groovy-xml-4.0.16.jar;C:\Users\prathibhak\.m2\repository\org\apache\httpcomponents\httpclient\4.5.13\httpclient-4.5.13.jar;C:\Users\prathibhak\.m2\repository\org\apache\httpcomponents\httpcore\4.4.13\httpcore-4.4.13.jar;C:\Users\prathibhak\.m2\repository\commons-logging\commons-logging\1.2\commons-logging-1.2.jar;C:\Users\prathibhak\.m2\repository\commons-codec\commons-codec\1.11\commons-codec-1.11.jar;C:\Users\prathibhak\.m2\repository\org\apache\httpcomponents\httpmime\4.5.13\httpmime-4.5.13.jar;C:\Users\prathibhak\.m2\repository\org\hamcrest\hamcrest\2.2\hamcrest-2.2.jar;C:\Users\prathibhak\.m2\repository\org\ccil\cowan\tagsoup\tagsoup\1.2.1\tagsoup-1.2.1.jar;C:\Users\prathibhak\.m2\repository\io\rest-assured\json-path\5.4.0\json-path-5.4.0.jar;C:\Users\prathibhak\.m2\repository\org\apache\groovy\groovy-json\4.0.16\groovy-json-4.0.16.jar;C:\Users\prathibhak\.m2\repository\io\rest-assured\rest-assured-common\5.4.0\rest-assured-common-5.4.0.jar;C:\Users\prathibhak\.m2\repository\io\rest-assured\xml-path\5.4.0\xml-path-5.4.0.jar;C:\Users\prathibhak\.m2\repository\org\apache\commons\commons-lang3\3.11\commons-lang3-3.11.jar;C:\Users\prathibhak\.m2\repository\io\cucumber\cucumber-java\7.17.0\cucumber-java-7.17.0.jar;C:\Users\prathibhak\.m2\repository\io\cucumber\cucumber-core\7.17.0\cucumber-core-7.17.0.jar;C:\Users\prathibhak\.m2\repository\io\cucumber\cucumber-gherkin\7.17.0\cucumber-gherkin-7.17.0.jar;C:\Users\prathibhak\.m2\repository\io\cucumber\cucumber-gherkin-messages\7.17.0\cucumber-gherkin-messages-7.17.0.jar;C:\Users\prathibhak\.m2\repository\io\cucumber\gherkin\28.0.0\gherkin-28.0.0.jar;C:\Users\prathibhak\.m2\repository\io\cucumber\messages\24.1.0\messages-24.1.0.jar;C:\Users\prathibhak\.m2\repository\io\cucumber\testng-xml-formatter\0.1.0\testng-xml-formatter-0.1.0.jar;C:\Users\prathibhak\.m2\repository\io\cucumber\query\12.2.0\query-12.2.0.jar;C:\Users\prathibhak\.m2\repository\io\cucumber\tag-expressions\6.1.0\tag-expressions-6.1.0.jar;C:\Users\prathibhak\.m2\repository\io\cucumber\cucumber-expressions\17.1.0\cucumber-expressions-17.1.0.jar;C:\Users\prathibhak\.m2\repository\io\cucumber\datatable\7.17.0\datatable-7.17.0.jar;C:\Users\prathibhak\.m2\repository\io\cucumber\cucumber-plugin\7.17.0\cucumber-plugin-7.17.0.jar;C:\Users\prathibhak\.m2\repository\io\cucumber\docstring\7.17.0\docstring-7.17.0.jar;C:\Users\prathibhak\.m2\repository\io\cucumber\html-formatter\21.3.1\html-formatter-21.3.1.jar;C:\Users\prathibhak\.m2\repository\io\cucumber\junit-xml-formatter\0.4.0\junit-xml-formatter-0.4.0.jar;C:\Users\prathibhak\.m2\repository\io\cucumber\ci-environment\10.0.1\ci-environment-10.0.1.jar;C:\Users\prathibhak\.m2\repository\org\apiguardian\apiguardian-api\1.1.2\apiguardian-api-1.1.2.jar;C:\Users\prathibhak\.m2\repository\io\cucumber\cucumber-junit\7.16.1\cucumber-junit-7.16.1.jar;C:\Users\prathibhak\.m2\repository\com\fasterxml\jackson\core\jackson-databind\2.17.0\jackson-databind-2.17.0.jar;C:\Users\prathibhak\.m2\repository\com\fasterxml\jackson\core\jackson-annotations\2.17.0\jackson-annotations-2.17.0.jar;C:\Users\prathibhak\.m2\repository\com\fasterxml\jackson\core\jackson-core\2.17.0\jackson-core-2.17.0.jar;C:\Users\prathibhak\.m2\repository\net\bytebuddy\byte-buddy\1.14.9\byte-buddy-1.14.9.jar;C:\Users\prathibhak\.m2\repository\junit\junit\4.11\junit-4.11.jar;C:\Users\prathibhak\.m2\repository\org\hamcrest\hamcrest-core\1.3\hamcrest-core-1.3.jar;"/>
    <property name="java.vm.vendor" value="Amazon.com Inc."/>
    <property name="sun.arch.data.model" value="64"/>
    <property name="user.variant" value=""/>
    <property name="java.vendor.url" value="https://aws.amazon.com/corretto/"/>
    <property name="user.timezone" value="Asia/Calcutta"/>
    <property name="java.vm.specification.version" value="1.8"/>
    <property name="os.name" value="Windows 10"/>
    <property name="user.country" value="IN"/>
    <property name="sun.java.launcher" value="SUN_STANDARD"/>
    <property name="sun.boot.library.path" value="C:\Users\prathibhak\.jdks\corretto-1.8.0_382\jre\bin"/>
    <property name="sun.java.command" value="C:\Users\prathibhak\AppData\Local\Temp\surefire2502376625840431728\surefirebooter-20240718160227590_3.jar C:\Users\prathibhak\AppData\Local\Temp\surefire2502376625840431728 2024-07-18T16-02-27_176-jvmRun1 surefire-20240718160227590_1tmp surefire_0-20240718160227590_2tmp"/>
    <property name="surefire.test.class.path" value="C:\APIFramework\target\test-classes;C:\APIFramework\target\classes;C:\Users\prathibhak\.m2\repository\io\rest-assured\rest-assured\5.4.0\rest-assured-5.4.0.jar;C:\Users\prathibhak\.m2\repository\org\apache\groovy\groovy\4.0.16\groovy-4.0.16.jar;C:\Users\prathibhak\.m2\repository\org\apache\groovy\groovy-xml\4.0.16\groovy-xml-4.0.16.jar;C:\Users\prathibhak\.m2\repository\org\apache\httpcomponents\httpclient\4.5.13\httpclient-4.5.13.jar;C:\Users\prathibhak\.m2\repository\org\apache\httpcomponents\httpcore\4.4.13\httpcore-4.4.13.jar;C:\Users\prathibhak\.m2\repository\commons-logging\commons-logging\1.2\commons-logging-1.2.jar;C:\Users\prathibhak\.m2\repository\commons-codec\commons-codec\1.11\commons-codec-1.11.jar;C:\Users\prathibhak\.m2\repository\org\apache\httpcomponents\httpmime\4.5.13\httpmime-4.5.13.jar;C:\Users\prathibhak\.m2\repository\org\hamcrest\hamcrest\2.2\hamcrest-2.2.jar;C:\Users\prathibhak\.m2\repository\org\ccil\cowan\tagsoup\tagsoup\1.2.1\tagsoup-1.2.1.jar;C:\Users\prathibhak\.m2\repository\io\rest-assured\json-path\5.4.0\json-path-5.4.0.jar;C:\Users\prathibhak\.m2\repository\org\apache\groovy\groovy-json\4.0.16\groovy-json-4.0.16.jar;C:\Users\prathibhak\.m2\repository\io\rest-assured\rest-assured-common\5.4.0\rest-assured-common-5.4.0.jar;C:\Users\prathibhak\.m2\repository\io\rest-assured\xml-path\5.4.0\xml-path-5.4.0.jar;C:\Users\prathibhak\.m2\repository\org\apache\commons\commons-lang3\3.11\commons-lang3-3.11.jar;C:\Users\prathibhak\.m2\repository\io\cucumber\cucumber-java\7.17.0\cucumber-java-7.17.0.jar;C:\Users\prathibhak\.m2\repository\io\cucumber\cucumber-core\7.17.0\cucumber-core-7.17.0.jar;C:\Users\prathibhak\.m2\repository\io\cucumber\cucumber-gherkin\7.17.0\cucumber-gherkin-7.17.0.jar;C:\Users\prathibhak\.m2\repository\io\cucumber\cucumber-gherkin-messages\7.17.0\cucumber-gherkin-messages-7.17.0.jar;C:\Users\prathibhak\.m2\repository\io\cucumber\gherkin\28.0.0\gherkin-28.0.0.jar;C:\Users\prathibhak\.m2\repository\io\cucumber\messages\24.1.0\messages-24.1.0.jar;C:\Users\prathibhak\.m2\repository\io\cucumber\testng-xml-formatter\0.1.0\testng-xml-formatter-0.1.0.jar;C:\Users\prathibhak\.m2\repository\io\cucumber\query\12.2.0\query-12.2.0.jar;C:\Users\prathibhak\.m2\repository\io\cucumber\tag-expressions\6.1.0\tag-expressions-6.1.0.jar;C:\Users\prathibhak\.m2\repository\io\cucumber\cucumber-expressions\17.1.0\cucumber-expressions-17.1.0.jar;C:\Users\prathibhak\.m2\repository\io\cucumber\datatable\7.17.0\datatable-7.17.0.jar;C:\Users\prathibhak\.m2\repository\io\cucumber\cucumber-plugin\7.17.0\cucumber-plugin-7.17.0.jar;C:\Users\prathibhak\.m2\repository\io\cucumber\docstring\7.17.0\docstring-7.17.0.jar;C:\Users\prathibhak\.m2\repository\io\cucumber\html-formatter\21.3.1\html-formatter-21.3.1.jar;C:\Users\prathibhak\.m2\repository\io\cucumber\junit-xml-formatter\0.4.0\junit-xml-formatter-0.4.0.jar;C:\Users\prathibhak\.m2\repository\io\cucumber\ci-environment\10.0.1\ci-environment-10.0.1.jar;C:\Users\prathibhak\.m2\repository\org\apiguardian\apiguardian-api\1.1.2\apiguardian-api-1.1.2.jar;C:\Users\prathibhak\.m2\repository\io\cucumber\cucumber-junit\7.16.1\cucumber-junit-7.16.1.jar;C:\Users\prathibhak\.m2\repository\com\fasterxml\jackson\core\jackson-databind\2.17.0\jackson-databind-2.17.0.jar;C:\Users\prathibhak\.m2\repository\com\fasterxml\jackson\core\jackson-annotations\2.17.0\jackson-annotations-2.17.0.jar;C:\Users\prathibhak\.m2\repository\com\fasterxml\jackson\core\jackson-core\2.17.0\jackson-core-2.17.0.jar;C:\Users\prathibhak\.m2\repository\net\bytebuddy\byte-buddy\1.14.9\byte-buddy-1.14.9.jar;C:\Users\prathibhak\.m2\repository\junit\junit\4.11\junit-4.11.jar;C:\Users\prathibhak\.m2\repository\org\hamcrest\hamcrest-core\1.3\hamcrest-core-1.3.jar;"/>
    <property name="sun.cpu.endian" value="little"/>
    <property name="user.home" value="C:\Users\prathibhak"/>
    <property name="user.language" value="en"/>
    <property name="java.specification.vendor" value="Oracle Corporation"/>
    <property name="java.home" value="C:\Users\prathibhak\.jdks\corretto-1.8.0_382\jre"/>
    <property name="basedir" value="C:\APIFramework"/>
    <property name="file.separator" value="\"/>
    <property name="line.separator" value="&#10;"/>
    <property name="java.vm.specification.vendor" value="Oracle Corporation"/>
    <property name="java.specification.name" value="Java Platform API Specification"/>
    <property name="java.awt.graphicsenv" value="sun.awt.Win32GraphicsEnvironment"/>
    <property name="surefire.real.class.path" value="C:\Users\prathibhak\AppData\Local\Temp\surefire2502376625840431728\surefirebooter-20240718160227590_3.jar"/>
    <property name="sun.boot.class.path" value="C:\Users\prathibhak\.jdks\corretto-1.8.0_382\jre\lib\resources.jar;C:\Users\prathibhak\.jdks\corretto-1.8.0_382\jre\lib\rt.jar;C:\Users\prathibhak\.jdks\corretto-1.8.0_382\jre\lib\sunrsasign.jar;C:\Users\prathibhak\.jdks\corretto-1.8.0_382\jre\lib\jsse.jar;C:\Users\prathibhak\.jdks\corretto-1.8.0_382\jre\lib\jce.jar;C:\Users\prathibhak\.jdks\corretto-1.8.0_382\jre\lib\charsets.jar;C:\Users\prathibhak\.jdks\corretto-1.8.0_382\jre\lib\jfr.jar;C:\Users\prathibhak\.jdks\corretto-1.8.0_382\jre\classes"/>
    <property name="user.script" value=""/>
    <property name="sun.management.compiler" value="HotSpot 64-Bit Tiered Compilers"/>
    <property name="java.runtime.version" value="1.8.0_382-b05"/>
    <property name="user.name" value="prathibhak"/>
    <property name="path.separator" value=";"/>
    <property name="os.version" value="10.0"/>
    <property name="java.endorsed.dirs" value="C:\Users\prathibhak\.jdks\corretto-1.8.0_382\jre\lib\endorsed"/>
    <property name="java.runtime.name" value="OpenJDK Runtime Environment"/>
    <property name="file.encoding" value="Cp1252"/>
    <property name="java.vm.name" value="OpenJDK 64-Bit Server VM"/>
    <property name="localRepository" value="C:\Users\prathibhak\.m2\repository"/>
    <property name="cucumber.options" value=" --tags @AddPlace"/>
    <property name="java.vendor.url.bug" value="https://github.com/corretto/corretto-8/issues/"/>
    <property name="java.io.tmpdir" value="C:\Users\PRATHI~1\AppData\Local\Temp\"/>
    <property name="java.version" value="1.8.0_382"/>
    <property name="user.dir" value="C:\APIFramework"/>
    <property name="os.arch" value="amd64"/>
    <property name="java.vm.specification.name" value="Java Virtual Machine Specification"/>
    <property name="java.awt.printerjob" value="sun.awt.windows.WPrinterJob"/>
    <property name="sun.os.patch.level" value=""/>
    <property name="java.library.path" value="C:\Users\prathibhak\.jdks\corretto-1.8.0_382\jre\bin;C:\Windows\Sun\Java\bin;C:\Windows\system32;C:\Windows;C:\Program Files\Common Files\Oracle\Java\javapath;C:\Program Files (x86)\Common Files\Oracle\Java\javapath;C:\Program Files (x86)\RSA SecurID Token Common;C:\Program Files\RSA SecurID Token Common;C:\Windows\system32;C:\Windows;C:\Windows\System32\Wbem;C:\Windows\System32\WindowsPowerShell\v1.0\;C:\Windows\System32\OpenSSH\;C:\Program Files (x86)\Microsoft SQL Server\160\DTS\Binn\;C:\Program Files\Azure Data Studio\bin;C:\Program Files (x86)\Microsoft SQL Server\160\Tools\Binn\;C:\Program Files\Microsoft SQL Server\160\Tools\Binn\;C:\Program Files\Microsoft SQL Server\Client SDK\ODBC\170\Tools\Binn\;C:\Program Files\Microsoft SQL Server\160\DTS\Binn\;C:\Program Files\nodejs\;C:\Users\prathibhak\Downloads\gradle-6.7-bin\gradle-6.7;C:\apache-maven-3.9.7-bin\apache-maven-3.9.7\bin;C:\Gradle\gradle-7.6.4\bin;C:\Gradle\gradle-8.7\bin;C:\Users\prathibhak\AppData\Local\Microsoft\WindowsApps;C:\Users\prathibhak\AppData\Roaming\npm;C:\Users\prathibhak\AppData\Local\Programs\Microsoft VS Code\bin;C:\Users\prathibhak\.jdks\corretto-1.8.0_382\bin;."/>
    <property name="java.vm.info" value="mixed mode"/>
    <property name="java.vendor" value="Amazon.com Inc."/>
    <property name="java.vm.version" value="25.382-b05"/>
    <property name="java.specification.maintenance.version" value="5"/>
    <property name="java.ext.dirs" value="C:\Users\prathibhak\.jdks\corretto-1.8.0_382\jre\lib\ext;C:\Windows\Sun\Java\lib\ext"/>
    <property name="sun.io.unicode.encoding" value="UnicodeLittle"/>
    <property name="java.class.version" value="52.0"/>
  </properties>
  <testcase name="Verify if place is being successfully added using AddPlaceAPI #1" classname="Validate Place API&apos;s" time="9.382">
    <system-out><![CDATA[/maps/api/place/add/json
---------response---------------
{"status":"OK","place_id":"4ff0f870403250808acf4c56261f18cf","scope":"APP","reference":"c2e94b48ea3f6857e9f46fd0615eb643c2e94b48ea3f6857e9f46fd0615eb643","id":"c2e94b48ea3f6857e9f46fd0615eb643"}
Response to validate status: {
    "status": "OK",
    "place_id": "4ff0f870403250808acf4c56261f18cf",
    "scope": "APP",
    "reference": "c2e94b48ea3f6857e9f46fd0615eb643c2e94b48ea3f6857e9f46fd0615eb643",
    "id": "c2e94b48ea3f6857e9f46fd0615eb643"
}
/maps/api/place/get/json
---------response---------------
{"location":{"latitude":"-38.383494","longitude":"33.427362"},"accuracy":"101","name":"Abownsle","phone_number":"(+91) 983 893 3937","address":"World cross center1","types":"shoe park1,shop1","website":"http:\/\/OfficeOfFinance.com","language":"English"}
]]></system-out>
    <system-err><![CDATA[Jul 18, 2024 4:02:29 PM io.cucumber.core.options.CucumberPropertiesParser lambda$warnWhenCucumberOptionsIsUsed$2
WARNING: Passing commandline options via the property 'cucumber.options' is no longer supported. Please use individual properties instead. See the java doc on io.cucumber.core.options.Constants for details.
]]></system-err>
  </testcase>
  <testcase name="Verify if place is being successfully added using AddPlaceAPI #2" classname="Validate Place API&apos;s" time="1.131">
    <system-out><![CDATA[/maps/api/place/add/json
---------response---------------
{"status":"OK","place_id":"186ba9f636abcab35e9801ad21f04b68","scope":"APP","reference":"5bf2a2caa2cd58b38e73f5618aa7483e5bf2a2caa2cd58b38e73f5618aa7483e","id":"5bf2a2caa2cd58b38e73f5618aa7483e"}
Response to validate status: {
    "status": "OK",
    "place_id": "186ba9f636abcab35e9801ad21f04b68",
    "scope": "APP",
    "reference": "5bf2a2caa2cd58b38e73f5618aa7483e5bf2a2caa2cd58b38e73f5618aa7483e",
    "id": "5bf2a2caa2cd58b38e73f5618aa7483e"
}
/maps/api/place/get/json
---------response---------------
{"location":{"latitude":"-38.383494","longitude":"33.427362"},"accuracy":"101","name":"BBouse","phone_number":"(+91) 983 893 3937","address":"Sea cross center1","types":"shoe park1,shop1","website":"http:\/\/OfficeOfFinance.com","language":"Spanish"}
]]></system-out>
  </testcase>
  <testcase name="Verify if delete functionality is working" classname="Validate Place API&apos;s" time="1.353">
    <system-out><![CDATA[/maps/api/place/delete/json
---------response---------------
{"status":"OK"}
Response to validate status: {
    "status": "OK"
}
]]></system-out>
  </testcase>
</testsuite>